<?xml version="1.0" encoding="UTF-8"?>
<testng-results ignored="0" total="3" passed="3" failed="0" skipped="0">
  <reporter-output>
  </reporter-output>
  <suite started-at="2024-04-16T20:22:38 IST" name="Default suite" finished-at="2024-04-16T20:22:38 IST" duration-ms="101">
    <groups>
    </groups>
    <test started-at="2024-04-16T20:22:38 IST" name="Default test" finished-at="2024-04-16T20:22:38 IST" duration-ms="101">
      <class name="test.Sample">
        <test-method signature="testCase01()[pri:0, instance:test.Sample@1c93084c]" started-at="2024-04-16T20:22:38 IST" name="testCase01" finished-at="2024-04-16T20:22:38 IST" duration-ms="18" status="PASS">
          <reporter-output>
          </reporter-output>
        </test-method> <!-- testCase01 -->
        <test-method signature="testCase02()[pri:0, instance:test.Sample@1c93084c]" started-at="2024-04-16T20:22:38 IST" name="testCase02" finished-at="2024-04-16T20:22:38 IST" duration-ms="2" status="PASS">
          <reporter-output>
          </reporter-output>
        </test-method> <!-- testCase02 -->
        <test-method signature="testCase03()[pri:0, instance:test.Sample@1c93084c]" started-at="2024-04-16T20:22:38 IST" name="testCase03" finished-at="2024-04-16T20:22:38 IST" duration-ms="3" status="PASS">
          <reporter-output>
          </reporter-output>
        </test-method> <!-- testCase03 -->
      </class> <!-- test.Sample -->
    </test> <!-- Default test -->
  </suite> <!-- Default suite -->
</testng-results>
