<?xml version="1.0" encoding="UTF-8"?>
<testng-results total="3" passed="3" failed="0" skipped="0">
  <reporter-output>
  </reporter-output>
  <suite started-at="2024-04-16T20:34:38Z" name="Default suite" finished-at="2024-04-16T20:34:46Z" duration-ms="7936">
    <groups>
    </groups>
    <test started-at="2024-04-16T20:34:38Z" name="Default test" finished-at="2024-04-16T20:34:46Z" duration-ms="7936">
      <class name="test.Sample">
        <test-method signature="testCase01()" started-at="2024-04-16T20:34:38Z" name="testCase01" finished-at="2024-04-16T20:34:45Z" duration-ms="7279" status="PASS">
        </test-method>
        <test-method is-config="true" signature="afterCheck()" started-at="2024-04-16T20:34:45Z" name="afterCheck" finished-at="2024-04-16T20:34:45Z" duration-ms="36" status="PASS">
        </test-method>
        <test-method signature="testCase02()" started-at="2024-04-16T20:34:45Z" name="testCase02" finished-at="2024-04-16T20:34:45Z" duration-ms="390" status="PASS">
        </test-method>
        <test-method is-config="true" signature="afterCheck()" started-at="2024-04-16T20:34:45Z" name="afterCheck" finished-at="2024-04-16T20:34:45Z" duration-ms="25" status="PASS">
        </test-method>
        <test-method signature="testCase03()" started-at="2024-04-16T20:34:45Z" name="testCase03" finished-at="2024-04-16T20:34:45Z" duration-ms="166" status="PASS">
        </test-method>
        <test-method is-config="true" signature="afterCheck()" started-at="2024-04-16T20:34:45Z" name="afterCheck" finished-at="2024-04-16T20:34:46Z" duration-ms="16" status="PASS">
        </test-method>
      </class>
    </test>
  </suite>
</testng-results>
