<?xml version="1.0" encoding="UTF-8"?>
<testng-results total="2" passed="2" failed="0" skipped="0">
  <reporter-output>
  </reporter-output>
  <suite started-at="2024-04-16T21:02:23Z" name="Suite" finished-at="2024-04-16T21:02:28Z" duration-ms="4775">
    <groups>
    </groups>
    <test started-at="2024-04-16T21:02:23Z" name="Test" finished-at="2024-04-16T21:02:28Z" duration-ms="4775">
      <class name="test.Sample">
        <test-method is-config="true" signature="setup()" started-at="2024-04-16T21:02:23Z" name="setup" finished-at="2024-04-16T21:02:27Z" duration-ms="3992" status="PASS">
        </test-method>
        <test-method signature="testCase01(java.lang.String, java.lang.String)" started-at="2024-04-16T21:02:27Z" name="testCase01" finished-at="2024-04-16T21:02:28Z" duration-ms="413" status="PASS">
          <params>
            <param index="0">
              <value>
                <![CDATA[standard_user]]>
              </value>
            </param>
            <param index="1">
              <value>
                <![CDATA[secret_sauce]]>
              </value>
            </param>
          </params>
        </test-method>
        <test-method signature="testCase02()" started-at="2024-04-16T21:02:28Z" name="testCase02" finished-at="2024-04-16T21:02:28Z" duration-ms="339" status="PASS">
        </test-method>
      </class>
    </test>
  </suite>
</testng-results>
